# JRE version: Java(TM) SE Runtime Environment (8.0_65-b17) (build 1.8.0_65-b17)
# Java VM: Java HotSpot(TM) 64-Bit Server VM (25.65-b01 mixed mode windows-amd64 compressed oops)
Heap:
 PSYoungGen      total 260608K, used 59615K [0x00000000eab00000, 0x00000000fc180000, 0x0000000100000000)
  eden space 239104K, 24% used [0x00000000eab00000,0x00000000ee537ca8,0x00000000f9480000)
  from space 21504K, 0% used [0x00000000fac80000,0x00000000fac80000,0x00000000fc180000)
  to   space 23040K, 0% used [0x00000000f9480000,0x00000000f9480000,0x00000000fab00000)
 ParOldGen       total 132608K, used 43407K [0x00000000c0000000, 0x00000000c8180000, 0x00000000eab00000)
  object space 132608K, 32% used [0x00000000c0000000,0x00000000c2a63cf0,0x00000000c8180000)
 Metaspace       used 60562K, capacity 63520K, committed 64512K, reserved 1105920K
  class space    used 7887K, capacity 8435K, committed 8704K, reserved 1048576K
GC Heap History (10 events):
Event: 11904.238 GC heap before
{Heap before GC invocations=24 (full 6):
 PSYoungGen      total 261120K, used 62332K [0x00000000eab00000, 0x00000000fcb80000, 0x0000000100000000)
  eden space 247296K, 19% used [0x00000000eab00000,0x00000000edaa0550,0x00000000f9c80000)
  from space 13824K, 98% used [0x00000000fa500000,0x00000000fb23ece0,0x00000000fb280000)
  to   space 24064K, 0% used [0x00000000fb400000,0x00000000fb400000,0x00000000fcb80000)
 ParOldGen       total 132608K, used 46501K [0x00000000c0000000, 0x00000000c8180000, 0x00000000eab00000)
  object space 132608K, 35% used [0x00000000c0000000,0x00000000c2d69408,0x00000000c8180000)
 Metaspace       used 60165K, capacity 63170K, committed 63488K, reserved 1103872K
  class space    used 7903K, capacity 8531K, committed 8704K, reserved 1048576K
Event: 11904.243 GC heap after
Heap after GC invocations=24 (full 6):
 PSYoungGen      total 271360K, used 1520K [0x00000000eab00000, 0x00000000fcb80000, 0x0000000100000000)
  eden space 247296K, 0% used [0x00000000eab00000,0x00000000eab00000,0x00000000f9c80000)
  from space 24064K, 6% used [0x00000000fb400000,0x00000000fb57c010,0x00000000fcb80000)
  to   space 24064K, 0% used [0x00000000f9c80000,0x00000000f9c80000,0x00000000fb400000)
 ParOldGen       total 132608K, used 46501K [0x00000000c0000000, 0x00000000c8180000, 0x00000000eab00000)
  object space 132608K, 35% used [0x00000000c0000000,0x00000000c2d69408,0x00000000c8180000)
 Metaspace       used 60165K, capacity 63170K, committed 63488K, reserved 1103872K
  class space    used 7903K, capacity 8531K, committed 8704K, reserved 1048576K
}
Event: 11904.243 GC heap before
{Heap before GC invocations=25 (full 7):
 PSYoungGen      total 271360K, used 1520K [0x00000000eab00000, 0x00000000fcb80000, 0x0000000100000000)
  eden space 247296K, 0% used [0x00000000eab00000,0x00000000eab00000,0x00000000f9c80000)
  from space 24064K, 6% used [0x00000000fb400000,0x00000000fb57c010,0x00000000fcb80000)
  to   space 24064K, 0% used [0x00000000f9c80000,0x00000000f9c80000,0x00000000fb400000)
 ParOldGen       total 132608K, used 46501K [0x00000000c0000000, 0x00000000c8180000, 0x00000000eab00000)
  object space 132608K, 35% used [0x00000000c0000000,0x00000000c2d69408,0x00000000c8180000)
 Metaspace       used 60165K, capacity 63170K, committed 63488K, reserved 1103872K
  class space    used 7903K, capacity 8531K, committed 8704K, reserved 1048576K
Event: 11904.689 GC heap after
Heap after GC invocations=25 (full 7):
 PSYoungGen      total 271360K, used 0K [0x00000000eab00000, 0x00000000fcb80000, 0x0000000100000000)
  eden space 247296K, 0% used [0x00000000eab00000,0x00000000eab00000,0x00000000f9c80000)
  from space 24064K, 0% used [0x00000000fb400000,0x00000000fb400000,0x00000000fcb80000)
  to   space 24064K, 0% used [0x00000000f9c80000,0x00000000f9c80000,0x00000000fb400000)
 ParOldGen       total 132608K, used 37312K [0x00000000c0000000, 0x00000000c8180000, 0x00000000eab00000)
  object space 132608K, 28% used [0x00000000c0000000,0x00000000c24702b0,0x00000000c8180000)
 Metaspace       used 58938K, capacity 61244K, committed 63488K, reserved 1103872K
  class space    used 7632K, capacity 8050K, committed 8704K, reserved 1048576K
}
Event: 15203.304 GC heap before
{Heap before GC invocations=26 (full 7):
 PSYoungGen      total 271360K, used 247296K [0x00000000eab00000, 0x00000000fcb80000, 0x0000000100000000)
  eden space 247296K, 100% used [0x00000000eab00000,0x00000000f9c80000,0x00000000f9c80000)
  from space 24064K, 0% used [0x00000000fb400000,0x00000000fb400000,0x00000000fcb80000)
  to   space 24064K, 0% used [0x00000000f9c80000,0x00000000f9c80000,0x00000000fb400000)
 ParOldGen       total 132608K, used 37312K [0x00000000c0000000, 0x00000000c8180000, 0x00000000eab00000)
  object space 132608K, 28% used [0x00000000c0000000,0x00000000c24702b0,0x00000000c8180000)
 Metaspace       used 60225K, capacity 63066K, committed 64256K, reserved 1105920K
  class space    used 7859K, capacity 8382K, committed 8704K, reserved 1048576K
Event: 15203.351 GC heap after
Heap after GC invocations=26 (full 7):
 PSYoungGen      total 252928K, used 13800K [0x00000000eab00000, 0x00000000fc480000, 0x0000000100000000)
  eden space 239104K, 0% used [0x00000000eab00000,0x00000000eab00000,0x00000000f9480000)
  from space 13824K, 99% used [0x00000000f9c80000,0x00000000fa9fa180,0x00000000faa00000)
  to   space 24576K, 0% used [0x00000000fac80000,0x00000000fac80000,0x00000000fc480000)
 ParOldGen       total 132608K, used 37320K [0x00000000c0000000, 0x00000000c8180000, 0x00000000eab00000)
  object space 132608K, 28% used [0x00000000c0000000,0x00000000c24722b0,0x00000000c8180000)
 Metaspace       used 60225K, capacity 63066K, committed 64256K, reserved 1105920K
  class space    used 7859K, capacity 8382K, committed 8704K, reserved 1048576K
}
Event: 15203.919 GC heap before
{Heap before GC invocations=27 (full 7):
 PSYoungGen      total 252928K, used 55423K [0x00000000eab00000, 0x00000000fc480000, 0x0000000100000000)
  eden space 239104K, 17% used [0x00000000eab00000,0x00000000ed3a5d68,0x00000000f9480000)
  from space 13824K, 99% used [0x00000000f9c80000,0x00000000fa9fa180,0x00000000faa00000)
  to   space 24576K, 0% used [0x00000000fac80000,0x00000000fac80000,0x00000000fc480000)
 ParOldGen       total 132608K, used 37320K [0x00000000c0000000, 0x00000000c8180000, 0x00000000eab00000)
  object space 132608K, 28% used [0x00000000c0000000,0x00000000c24722b0,0x00000000c8180000)
 Metaspace       used 60942K, capacity 64206K, committed 64512K, reserved 1105920K
  class space    used 7999K, capacity 8639K, committed 8704K, reserved 1048576K
Event: 15203.951 GC heap after
Heap after GC invocations=27 (full 7):
 PSYoungGen      total 260608K, used 10607K [0x00000000eab00000, 0x00000000fc180000, 0x0000000100000000)
  eden space 239104K, 0% used [0x00000000eab00000,0x00000000eab00000,0x00000000f9480000)
  from space 21504K, 49% used [0x00000000fac80000,0x00000000fb6dbc28,0x00000000fc180000)
  to   space 23040K, 0% used [0x00000000f9480000,0x00000000f9480000,0x00000000fab00000)
 ParOldGen       total 132608K, used 37328K [0x00000000c0000000, 0x00000000c8180000, 0x00000000eab00000)
  object space 132608K, 28% used [0x00000000c0000000,0x00000000c24742b0,0x00000000c8180000)
 Metaspace       used 60942K, capacity 64206K, committed 64512K, reserved 1105920K
  class space    used 7999K, capacity 8639K, committed 8704K, reserved 1048576K
}
Event: 15203.951 GC heap before
{Heap before GC invocations=28 (full 8):
 PSYoungGen      total 260608K, used 10607K [0x00000000eab00000, 0x00000000fc180000, 0x0000000100000000)
  eden space 239104K, 0% used [0x00000000eab00000,0x00000000eab00000,0x00000000f9480000)
  from space 21504K, 49% used [0x00000000fac80000,0x00000000fb6dbc28,0x00000000fc180000)
  to   space 23040K, 0% used [0x00000000f9480000,0x00000000f9480000,0x00000000fab00000)
 ParOldGen       total 132608K, used 37328K [0x00000000c0000000, 0x00000000c8180000, 0x00000000eab00000)
  object space 132608K, 28% used [0x00000000c0000000,0x00000000c24742b0,0x00000000c8180000)
 Metaspace       used 60942K, capacity 64206K, committed 64512K, reserved 1105920K
  class space    used 7999K, capacity 8639K, committed 8704K, reserved 1048576K
Event: 15204.520 GC heap after
Heap after GC invocations=28 (full 8):
 PSYoungGen      total 260608K, used 0K [0x00000000eab00000, 0x00000000fc180000, 0x0000000100000000)
  eden space 239104K, 0% used [0x00000000eab00000,0x00000000eab00000,0x00000000f9480000)
  from space 21504K, 0% used [0x00000000fac80000,0x00000000fac80000,0x00000000fc180000)
  to   space 23040K, 0% used [0x00000000f9480000,0x00000000f9480000,0x00000000fab00000)
 ParOldGen       total 132608K, used 43407K [0x00000000c0000000, 0x00000000c8180000, 0x00000000eab00000)
  object space 132608K, 32% used [0x00000000c0000000,0x00000000c2a63cf0,0x00000000c8180000)
 Metaspace       used 60345K, capacity 63106K, committed 64512K, reserved 1105920K
  class space    used 7855K, capacity 8383K, committed 8704K, reserved 1048576K
}

